<?xml version="1.0" encoding="UTF-8"?>
<testsuite xmlns:xsi="http://www.w3.org/2001/XMLSchema-instance" xsi:noNamespaceSchemaLocation="https://maven.apache.org/surefire/maven-surefire-plugin/xsd/surefire-test-report-3.0.xsd" version="3.0" name="playwright.demo.tests.UltimateqaTest" time="19.661" tests="1" errors="1" skipped="0" failures="0">
  <properties>
    <property name="java.specification.version" value="17"/>
    <property name="sun.cpu.isalist" value="amd64"/>
    <property name="sun.jnu.encoding" value="Cp1252"/>
    <property name="java.class.path" value="C:\Users\DK2530\java-playwright\java-playwright\target\test-classes;C:\Users\DK2530\java-playwright\java-playwright\target\classes;C:\Users\DK2530\.m2\repository\com\microsoft\playwright\playwright\1.45.0\playwright-1.45.0.jar;C:\Users\DK2530\.m2\repository\com\google\code\gson\gson\2.11.0\gson-2.11.0.jar;C:\Users\DK2530\.m2\repository\com\google\errorprone\error_prone_annotations\2.27.0\error_prone_annotations-2.27.0.jar;C:\Users\DK2530\.m2\repository\org\opentest4j\opentest4j\1.3.0\opentest4j-1.3.0.jar;C:\Users\DK2530\.m2\repository\com\microsoft\playwright\driver\1.45.0\driver-1.45.0.jar;C:\Users\DK2530\.m2\repository\com\microsoft\playwright\driver-bundle\1.45.0\driver-bundle-1.45.0.jar;C:\Users\DK2530\.m2\repository\org\junit\jupiter\junit-jupiter\5.10.0\junit-jupiter-5.10.0.jar;C:\Users\DK2530\.m2\repository\org\junit\jupiter\junit-jupiter-api\5.10.0\junit-jupiter-api-5.10.0.jar;C:\Users\DK2530\.m2\repository\org\junit\platform\junit-platform-commons\1.10.0\junit-platform-commons-1.10.0.jar;C:\Users\DK2530\.m2\repository\org\apiguardian\apiguardian-api\1.1.2\apiguardian-api-1.1.2.jar;C:\Users\DK2530\.m2\repository\org\junit\jupiter\junit-jupiter-params\5.10.0\junit-jupiter-params-5.10.0.jar;C:\Users\DK2530\.m2\repository\org\junit\jupiter\junit-jupiter-engine\5.10.0\junit-jupiter-engine-5.10.0.jar;C:\Users\DK2530\.m2\repository\org\junit\platform\junit-platform-engine\1.10.0\junit-platform-engine-1.10.0.jar;"/>
    <property name="java.vm.vendor" value="Eclipse Adoptium"/>
    <property name="sun.arch.data.model" value="64"/>
    <property name="user.variant" value=""/>
    <property name="java.vendor.url" value="https://adoptium.net/"/>
    <property name="user.timezone" value="Asia/Calcutta"/>
    <property name="os.name" value="Windows 11"/>
    <property name="java.vm.specification.version" value="17"/>
    <property name="sun.java.launcher" value="SUN_STANDARD"/>
    <property name="user.country" value="IN"/>
    <property name="sun.boot.library.path" value="C:\Program Files\Eclipse Adoptium\jdk-17.0.16.8-hotspot\bin"/>
    <property name="sun.java.command" value="C:\Users\DK2530\AppData\Local\Temp\surefire560332424586908059\surefirebooter-20250830121142523_3.jar C:\Users\DK2530\AppData\Local\Temp\surefire560332424586908059 2025-08-30T12-11-41_485-jvmRun1 surefire-20250830121142523_1tmp surefire_0-20250830121142523_2tmp"/>
    <property name="jdk.debug" value="release"/>
    <property name="test" value="UltimateqaTest"/>
    <property name="surefire.test.class.path" value="C:\Users\DK2530\java-playwright\java-playwright\target\test-classes;C:\Users\DK2530\java-playwright\java-playwright\target\classes;C:\Users\DK2530\.m2\repository\com\microsoft\playwright\playwright\1.45.0\playwright-1.45.0.jar;C:\Users\DK2530\.m2\repository\com\google\code\gson\gson\2.11.0\gson-2.11.0.jar;C:\Users\DK2530\.m2\repository\com\google\errorprone\error_prone_annotations\2.27.0\error_prone_annotations-2.27.0.jar;C:\Users\DK2530\.m2\repository\org\opentest4j\opentest4j\1.3.0\opentest4j-1.3.0.jar;C:\Users\DK2530\.m2\repository\com\microsoft\playwright\driver\1.45.0\driver-1.45.0.jar;C:\Users\DK2530\.m2\repository\com\microsoft\playwright\driver-bundle\1.45.0\driver-bundle-1.45.0.jar;C:\Users\DK2530\.m2\repository\org\junit\jupiter\junit-jupiter\5.10.0\junit-jupiter-5.10.0.jar;C:\Users\DK2530\.m2\repository\org\junit\jupiter\junit-jupiter-api\5.10.0\junit-jupiter-api-5.10.0.jar;C:\Users\DK2530\.m2\repository\org\junit\platform\junit-platform-commons\1.10.0\junit-platform-commons-1.10.0.jar;C:\Users\DK2530\.m2\repository\org\apiguardian\apiguardian-api\1.1.2\apiguardian-api-1.1.2.jar;C:\Users\DK2530\.m2\repository\org\junit\jupiter\junit-jupiter-params\5.10.0\junit-jupiter-params-5.10.0.jar;C:\Users\DK2530\.m2\repository\org\junit\jupiter\junit-jupiter-engine\5.10.0\junit-jupiter-engine-5.10.0.jar;C:\Users\DK2530\.m2\repository\org\junit\platform\junit-platform-engine\1.10.0\junit-platform-engine-1.10.0.jar;"/>
    <property name="sun.cpu.endian" value="little"/>
    <property name="user.home" value="C:\Users\DK2530"/>
    <property name="user.language" value="en"/>
    <property name="java.specification.vendor" value="Oracle Corporation"/>
    <property name="java.version.date" value="2025-07-15"/>
    <property name="java.home" value="C:\Program Files\Eclipse Adoptium\jdk-17.0.16.8-hotspot"/>
    <property name="file.separator" value="\"/>
    <property name="basedir" value="C:\Users\DK2530\java-playwright\java-playwright"/>
    <property name="java.vm.compressedOopsMode" value="Zero based"/>
    <property name="line.separator" value="&#10;"/>
    <property name="java.vm.specification.vendor" value="Oracle Corporation"/>
    <property name="java.specification.name" value="Java Platform API Specification"/>
    <property name="surefire.real.class.path" value="C:\Users\DK2530\AppData\Local\Temp\surefire560332424586908059\surefirebooter-20250830121142523_3.jar"/>
    <property name="user.script" value=""/>
    <property name="sun.management.compiler" value="HotSpot 64-Bit Tiered Compilers"/>
    <property name="java.runtime.version" value="17.0.16+8"/>
    <property name="user.name" value="DK2530"/>
    <property name="path.separator" value=";"/>
    <property name="os.version" value="10.0"/>
    <property name="java.runtime.name" value="OpenJDK Runtime Environment"/>
    <property name="file.encoding" value="Cp1252"/>
    <property name="java.vm.name" value="OpenJDK 64-Bit Server VM"/>
    <property name="java.vendor.version" value="Temurin-17.0.16+8"/>
    <property name="localRepository" value="C:\Users\DK2530\.m2\repository"/>
    <property name="java.vendor.url.bug" value="https://github.com/adoptium/adoptium-support/issues"/>
    <property name="java.io.tmpdir" value="C:\Users\DK2530\AppData\Local\Temp\"/>
    <property name="java.version" value="17.0.16"/>
    <property name="user.dir" value="C:\Users\DK2530\java-playwright\java-playwright"/>
    <property name="os.arch" value="amd64"/>
    <property name="java.vm.specification.name" value="Java Virtual Machine Specification"/>
    <property name="sun.os.patch.level" value=""/>
    <property name="native.encoding" value="Cp1252"/>
    <property name="java.library.path" value="C:\Program Files\Eclipse Adoptium\jdk-17.0.16.8-hotspot\bin;C:\WINDOWS\Sun\Java\bin;C:\WINDOWS\system32;C:\WINDOWS;C:\Program Files\Eclipse Adoptium\jdk-17.0.16.8-hotspot\bin;C:\Program Files\Common Files\Oracle\Java\javapath;C:\WINDOWS\system32;C:\WINDOWS;C:\WINDOWS\System32\Wbem;C:\WINDOWS\System32\WindowsPowerShell\v1.0\;C:\WINDOWS\System32\OpenSSH\;C:\Program Files\nodejs\;C:\Program Files\Eclipse Adoptium\jdk-17.0.16.8-hotspot\bin;C:\Users\DK2530\AppData\Local\Android\Sdk\platform-tools;C:\Users\DK2530\AppData\Local\Android\Sdk\emulator;C:\Users\DK2530\AppData\Local\Android\Sdk\tools;C:\Users\DK2530\AppData\Local\Android\Sdk\cmdline-tools\latest\bin;C:\Users\DK2530\Downloads\apache-maven-3.9.11-bin\apache-maven-3.9.11\bin;C:\Users\DK2530\AppData\Local\Programs\Python\Python311\Scripts\;C:\Users\DK2530\AppData\Local\Programs\Python\Python311\;C:\Users\DK2530\AppData\Local\Microsoft\WindowsApps;C:\Users\DK2530\AppData\Local\Programs\Microsoft VS Code\bin;C:\Users\DK2530\AppData\Roaming\npm;C:\Users\DK2530\AppData\Local\Programs\Git\cmd;."/>
    <property name="java.vm.info" value="mixed mode, sharing"/>
    <property name="java.vendor" value="Eclipse Adoptium"/>
    <property name="java.vm.version" value="17.0.16+8"/>
    <property name="java.specification.maintenance.version" value="1"/>
    <property name="sun.io.unicode.encoding" value="UnicodeLittle"/>
    <property name="java.class.version" value="61.0"/>
  </properties>
  <testcase name="testCreateAccount" classname="playwright.demo.tests.UltimateqaTest" time="14.07">
    <error message="Error {&#10;  message=&apos;Target page, context or browser has been closed&#10;  name=&apos;TargetClosedError&#10;  stack=&apos;TargetClosedError:Target page, context or browser has been closed&#10;Error&#10;    at captureRawStack (C:\Users\DK2530\AppData\Local\Temp\playwright-java-8972295709055622724\package\lib\utils\stackTrace.js:49:17)&#10;    at LongStandingScope._race (C:\Users\DK2530\AppData\Local\Temp\playwright-java-8972295709055622724\package\lib\utils\manualPromise.js:91:52)&#10;    at LongStandingScope.race (C:\Users\DK2530\AppData\Local\Temp\playwright-java-8972295709055622724\package\lib\utils\manualPromise.js:84:17)&#10;    at C:\Users\DK2530\AppData\Local\Temp\playwright-java-8972295709055622724\package\lib\utils\manualPromise.js:81:43&#10;    at Array.map (&lt;anonymous&gt;)&#10;    at LongStandingScope.raceMultiple (C:\Users\DK2530\AppData\Local\Temp\playwright-java-8972295709055622724\package\lib\utils\manualPromise.js:81:32)&#10;    at Frame.retryWithProgressAndTimeouts (C:\Users\DK2530\AppData\Local\Temp\playwright-java-8972295709055622724\package\lib\server\frames.js:919:40)&#10;    at async C:\Users\DK2530\AppData\Local\Temp\playwright-java-8972295709055622724\package\lib\server\frames.js:1008:29&#10;    at async ProgressController.run (C:\Users\DK2530\AppData\Local\Temp\playwright-java-8972295709055622724\package\lib\server\progress.js:82:22)&#10;    at async FrameDispatcher.click (C:\Users\DK2530\AppData\Local\Temp\playwright-java-8972295709055622724\package\lib\server\dispatchers\frameDispatcher.js:157:12)&#10;    at async LongStandingScope._race (C:\Users\DK2530\AppData\Local\Temp\playwright-java-8972295709055622724\package\lib\utils\manualPromise.js:96:14)&#10;    at async FrameDispatcher._handleCommand (C:\Users\DK2530\AppData\Local\Temp\playwright-java-8972295709055622724\package\lib\server\dispatchers\dispatcher.js:96:14)&#10;    at async DispatcherConnection.dispatch (C:\Users\DK2530\AppData\Local\Temp\playwright-java-8972295709055622724\package\lib\server\dispatchers\dispatcher.js:361:22)&#10;}&#10;Call log:&#10;- waiting for locator(&quot;a[href=&apos;/users/sign_up&apos;]&quot;)&#10;" type="com.microsoft.playwright.impl.TargetClosedError"><![CDATA[com.microsoft.playwright.impl.TargetClosedError: 
Error {
  message='Target page, context or browser has been closed
  name='TargetClosedError
  stack='TargetClosedError:Target page, context or browser has been closed
Error
    at captureRawStack (C:\Users\DK2530\AppData\Local\Temp\playwright-java-8972295709055622724\package\lib\utils\stackTrace.js:49:17)
    at LongStandingScope._race (C:\Users\DK2530\AppData\Local\Temp\playwright-java-8972295709055622724\package\lib\utils\manualPromise.js:91:52)
    at LongStandingScope.race (C:\Users\DK2530\AppData\Local\Temp\playwright-java-8972295709055622724\package\lib\utils\manualPromise.js:84:17)
    at C:\Users\DK2530\AppData\Local\Temp\playwright-java-8972295709055622724\package\lib\utils\manualPromise.js:81:43
    at Array.map (<anonymous>)
    at LongStandingScope.raceMultiple (C:\Users\DK2530\AppData\Local\Temp\playwright-java-8972295709055622724\package\lib\utils\manualPromise.js:81:32)
    at Frame.retryWithProgressAndTimeouts (C:\Users\DK2530\AppData\Local\Temp\playwright-java-8972295709055622724\package\lib\server\frames.js:919:40)
    at async C:\Users\DK2530\AppData\Local\Temp\playwright-java-8972295709055622724\package\lib\server\frames.js:1008:29
    at async ProgressController.run (C:\Users\DK2530\AppData\Local\Temp\playwright-java-8972295709055622724\package\lib\server\progress.js:82:22)
    at async FrameDispatcher.click (C:\Users\DK2530\AppData\Local\Temp\playwright-java-8972295709055622724\package\lib\server\dispatchers\frameDispatcher.js:157:12)
    at async LongStandingScope._race (C:\Users\DK2530\AppData\Local\Temp\playwright-java-8972295709055622724\package\lib\utils\manualPromise.js:96:14)
    at async FrameDispatcher._handleCommand (C:\Users\DK2530\AppData\Local\Temp\playwright-java-8972295709055622724\package\lib\server\dispatchers\dispatcher.js:96:14)
    at async DispatcherConnection.dispatch (C:\Users\DK2530\AppData\Local\Temp\playwright-java-8972295709055622724\package\lib\server\dispatchers\dispatcher.js:361:22)
}
Call log:
- waiting for locator("a[href='/users/sign_up']")

	at com.microsoft.playwright.impl.WaitableResult.get(WaitableResult.java:54)
	at com.microsoft.playwright.impl.ChannelOwner.runUntil(ChannelOwner.java:120)
	at com.microsoft.playwright.impl.Connection.sendMessage(Connection.java:130)
	at com.microsoft.playwright.impl.ChannelOwner.sendMessage(ChannelOwner.java:106)
	at com.microsoft.playwright.impl.FrameImpl.clickImpl(FrameImpl.java:252)
	at com.microsoft.playwright.impl.FrameImpl.lambda$click$8(FrameImpl.java:243)
	at com.microsoft.playwright.impl.LoggingSupport.lambda$withLogging$0(LoggingSupport.java:36)
	at com.microsoft.playwright.impl.LoggingSupport.withLogging(LoggingSupport.java:47)
	at com.microsoft.playwright.impl.ChannelOwner.withLogging(ChannelOwner.java:89)
	at com.microsoft.playwright.impl.LoggingSupport.withLogging(LoggingSupport.java:35)
	at com.microsoft.playwright.impl.FrameImpl.click(FrameImpl.java:243)
	at com.microsoft.playwright.impl.LocatorImpl.click(LocatorImpl.java:160)
	at com.microsoft.playwright.Locator.click(Locator.java:2468)
	at playwright.demo.tests.UltimateqaTest.testCreateAccount(UltimateqaTest.java:30)
	at java.base/java.lang.reflect.Method.invoke(Method.java:569)
	at java.base/java.util.ArrayList.forEach(ArrayList.java:1511)
	at java.base/java.util.ArrayList.forEach(ArrayList.java:1511)
Caused by: com.microsoft.playwright.impl.TargetClosedError: Error {
  message='Target page, context or browser has been closed
  name='TargetClosedError
  stack='TargetClosedError:Target page, context or browser has been closed
Error
    at captureRawStack (C:\Users\DK2530\AppData\Local\Temp\playwright-java-8972295709055622724\package\lib\utils\stackTrace.js:49:17)
    at LongStandingScope._race (C:\Users\DK2530\AppData\Local\Temp\playwright-java-8972295709055622724\package\lib\utils\manualPromise.js:91:52)
    at LongStandingScope.race (C:\Users\DK2530\AppData\Local\Temp\playwright-java-8972295709055622724\package\lib\utils\manualPromise.js:84:17)
    at C:\Users\DK2530\AppData\Local\Temp\playwright-java-8972295709055622724\package\lib\utils\manualPromise.js:81:43
    at Array.map (<anonymous>)
    at LongStandingScope.raceMultiple (C:\Users\DK2530\AppData\Local\Temp\playwright-java-8972295709055622724\package\lib\utils\manualPromise.js:81:32)
    at Frame.retryWithProgressAndTimeouts (C:\Users\DK2530\AppData\Local\Temp\playwright-java-8972295709055622724\package\lib\server\frames.js:919:40)
    at async C:\Users\DK2530\AppData\Local\Temp\playwright-java-8972295709055622724\package\lib\server\frames.js:1008:29
    at async ProgressController.run (C:\Users\DK2530\AppData\Local\Temp\playwright-java-8972295709055622724\package\lib\server\progress.js:82:22)
    at async FrameDispatcher.click (C:\Users\DK2530\AppData\Local\Temp\playwright-java-8972295709055622724\package\lib\server\dispatchers\frameDispatcher.js:157:12)
    at async LongStandingScope._race (C:\Users\DK2530\AppData\Local\Temp\playwright-java-8972295709055622724\package\lib\utils\manualPromise.js:96:14)
    at async FrameDispatcher._handleCommand (C:\Users\DK2530\AppData\Local\Temp\playwright-java-8972295709055622724\package\lib\server\dispatchers\dispatcher.js:96:14)
    at async DispatcherConnection.dispatch (C:\Users\DK2530\AppData\Local\Temp\playwright-java-8972295709055622724\package\lib\server\dispatchers\dispatcher.js:361:22)
}
Call log:
- waiting for locator("a[href='/users/sign_up']")

	at com.microsoft.playwright.impl.Connection.dispatch(Connection.java:256)
	at com.microsoft.playwright.impl.Connection.processOneMessage(Connection.java:211)
	at com.microsoft.playwright.impl.ChannelOwner.runUntil(ChannelOwner.java:118)
	... 15 more
]]></error>
  </testcase>
</testsuite>